Determining if the pthread_create exist failed with the following output:
Change Dir: /home/emmeda/Research/dev/ttbws/src/cnc-turtlebots/wumpus_simulator/cmake-build-debug/CMakeFiles/CMakeTmp

Run Build Command:"/usr/bin/make" "cmTC_3d40b/fast"
/usr/bin/make -f CMakeFiles/cmTC_3d40b.dir/build.make CMakeFiles/cmTC_3d40b.dir/build
make[1]: Entering directory '/home/emmeda/Research/dev/ttbws/src/cnc-turtlebots/wumpus_simulator/cmake-build-debug/CMakeFiles/CMakeTmp'
Building C object CMakeFiles/cmTC_3d40b.dir/CheckSymbolExists.c.o
/usr/bin/cc    -o CMakeFiles/cmTC_3d40b.dir/CheckSymbolExists.c.o   -c /home/emmeda/Research/dev/ttbws/src/cnc-turtlebots/wumpus_simulator/cmake-build-debug/CMakeFiles/CMakeTmp/CheckSymbolExists.c
Linking C executable cmTC_3d40b
/home/emmeda/Programs/clion-2018.1/bin/cmake/bin/cmake -E cmake_link_script CMakeFiles/cmTC_3d40b.dir/link.txt --verbose=1
/usr/bin/cc      -rdynamic CMakeFiles/cmTC_3d40b.dir/CheckSymbolExists.c.o  -o cmTC_3d40b 
CMakeFiles/cmTC_3d40b.dir/CheckSymbolExists.c.o: In function `main':
CheckSymbolExists.c:(.text+0x16): undefined reference to `pthread_create'
collect2: error: ld returned 1 exit status
CMakeFiles/cmTC_3d40b.dir/build.make:97: recipe for target 'cmTC_3d40b' failed
make[1]: *** [cmTC_3d40b] Error 1
make[1]: Leaving directory '/home/emmeda/Research/dev/ttbws/src/cnc-turtlebots/wumpus_simulator/cmake-build-debug/CMakeFiles/CMakeTmp'
Makefile:126: recipe for target 'cmTC_3d40b/fast' failed
make: *** [cmTC_3d40b/fast] Error 2

File /home/emmeda/Research/dev/ttbws/src/cnc-turtlebots/wumpus_simulator/cmake-build-debug/CMakeFiles/CMakeTmp/CheckSymbolExists.c:
/* */
#include <pthread.h>

int main(int argc, char** argv)
{
  (void)argv;
#ifndef pthread_create
  return ((int*)(&pthread_create))[argc];
#else
  (void)argc;
  return 0;
#endif
}

Determining if the function pthread_create exists in the pthreads failed with the following output:
Change Dir: /home/emmeda/Research/dev/ttbws/src/cnc-turtlebots/wumpus_simulator/cmake-build-debug/CMakeFiles/CMakeTmp

Run Build Command:"/usr/bin/make" "cmTC_62149/fast"
/usr/bin/make -f CMakeFiles/cmTC_62149.dir/build.make CMakeFiles/cmTC_62149.dir/build
make[1]: Entering directory '/home/emmeda/Research/dev/ttbws/src/cnc-turtlebots/wumpus_simulator/cmake-build-debug/CMakeFiles/CMakeTmp'
Building C object CMakeFiles/cmTC_62149.dir/CheckFunctionExists.c.o
/usr/bin/cc   -DCHECK_FUNCTION_EXISTS=pthread_create   -o CMakeFiles/cmTC_62149.dir/CheckFunctionExists.c.o   -c /home/emmeda/Programs/clion-2018.1/bin/cmake/share/cmake-3.10/Modules/CheckFunctionExists.c
Linking C executable cmTC_62149
/home/emmeda/Programs/clion-2018.1/bin/cmake/bin/cmake -E cmake_link_script CMakeFiles/cmTC_62149.dir/link.txt --verbose=1
/usr/bin/cc  -DCHECK_FUNCTION_EXISTS=pthread_create    -rdynamic CMakeFiles/cmTC_62149.dir/CheckFunctionExists.c.o  -o cmTC_62149 -lpthreads 
/usr/bin/ld: cannot find -lpthreads
collect2: error: ld returned 1 exit status
CMakeFiles/cmTC_62149.dir/build.make:97: recipe for target 'cmTC_62149' failed
make[1]: *** [cmTC_62149] Error 1
make[1]: Leaving directory '/home/emmeda/Research/dev/ttbws/src/cnc-turtlebots/wumpus_simulator/cmake-build-debug/CMakeFiles/CMakeTmp'
Makefile:126: recipe for target 'cmTC_62149/fast' failed
make: *** [cmTC_62149/fast] Error 2


